[19-Aug-2022 14:41:53 Asia/Calcutta] This is an error message!
[28-Aug-2022 21:58:31 Asia/Calcutta] This is query message!
[28-Aug-2022 21:58:31 Asia/Calcutta] PHP Warning:  fopen(Addressmodel): failed to open stream: No such file or directory in /var/www/html/mvc/app/logger.php on line 23
[28-Aug-2022 22:00:08 Asia/Calcutta] This is query message!
This is query message!
This is test![30-Aug-2022 22:21:10 Asia/Calcutta] This is test!
[30-Aug-2022 22:30:28 Asia/Calcutta] This is Query Message!
[30-Aug-2022 22:31:59 Asia/Calcutta] This is Query Message!
[30-Aug-2022 22:33:04 Asia/Calcutta] This is Query Message!
[30-Aug-2022 22:36:49 Asia/Calcutta] This is an error message!
[30-Aug-2022 22:37:50 Asia/Calcutta] This is an error message!devi
[30-Aug-2022 22:40:15 Asia/Calcutta] This is Query Message!
[30-Aug-2022 22:44:28 Asia/Calcutta] This is Query Message!
[30-Aug-2022 22:44:28 Asia/Calcutta] This is an error message!Exception: Number is zero. in /var/www/html/mvc/app/models/Database.php:28
Stack trace:
#0 /var/www/html/mvc/app/models/Addressmodel.php(14): Database->insert()
#1 /var/www/html/mvc/app/controllers/addresscontroller.php(71): Addressmodel->add()
#2 /var/www/html/mvc/app/views/add.php(136): Addresscontroller->add_to_database()
#3 /var/www/html/mvc/app/controllers/controller.php(10): include('/var/www/html/m...')
#4 /var/www/html/mvc/app/controllers/addresscontroller.php(16): Controller->view()
#5 /var/www/html/mvc/app/helper/app.php(26): Addresscontroller->add()
#6 /var/www/html/mvc/public/index.php(8): App->__construct()
#7 {main}
[30-Aug-2022 22:47:50 Asia/Calcutta] This is Query Message!
[30-Aug-2022 22:48:18 Asia/Calcutta] This is Query Message!
[30-Aug-2022 22:50:16 Asia/Calcutta] This is Query Message!
[30-Aug-2022 22:52:46 Asia/Calcutta] This is Query Message!
[30-Aug-2022 22:54:53 Asia/Calcutta] This is Query Message!
[30-Aug-2022 22:54:54 Asia/Calcutta] This is Query Message!
[30-Aug-2022 22:54:54 Asia/Calcutta] This is Query Message!
[30-Aug-2022 22:54:54 Asia/Calcutta] This is Query Message!
[30-Aug-2022 22:54:54 Asia/Calcutta] This is Query Message!
[30-Aug-2022 22:54:59 Asia/Calcutta] This is Query Message!
[30-Aug-2022 22:55:03 Asia/Calcutta] This is Query Message!
[30-Aug-2022 22:55:06 Asia/Calcutta] This is Query Message!
[30-Aug-2022 22:55:06 Asia/Calcutta] PHP Notice:  Undefined index: stud_delete_id in /var/www/html/mvc/app/controllers/addresscontroller.php on line 88
[30-Aug-2022 22:55:06 Asia/Calcutta] PHP Warning:  implode(): Invalid arguments passed in /var/www/html/mvc/app/controllers/addresscontroller.php on line 89
[30-Aug-2022 22:55:06 Asia/Calcutta] This is Query Message!
[30-Aug-2022 22:55:10 Asia/Calcutta] This is Query Message!
[30-Aug-2022 22:55:12 Asia/Calcutta] This is Query Message!
[30-Aug-2022 22:55:18 Asia/Calcutta] This is Query Message!
[30-Aug-2022 22:55:31 Asia/Calcutta] This is Query Message!
[30-Aug-2022 22:55:33 Asia/Calcutta] This is Query Message!
[30-Aug-2022 22:55:36 Asia/Calcutta] This is Query Message!
[30-Aug-2022 22:55:52 Asia/Calcutta] This is Query Message!
[30-Aug-2022 22:55:54 Asia/Calcutta] This is Query Message!
[30-Aug-2022 22:56:06 Asia/Calcutta] This is Query Message!
[30-Aug-2022 22:56:06 Asia/Calcutta] This is Query Message!
[30-Aug-2022 22:56:07 Asia/Calcutta] This is Query Message!
[30-Aug-2022 23:07:42 Asia/Calcutta] This is Query Message!
[30-Aug-2022 23:09:47 Asia/Calcutta] This is Query Message!
[30-Aug-2022 23:10:40 Asia/Calcutta] This is Query Message!
[30-Aug-2022 23:38:21 Asia/Calcutta] This is Query Message!
